============================================================
IMERG GeoTIFF to HDF5 Converter
============================================================
Job ID:           155214
Node:             gpu09
Script directory: /home1/ppatel2025/nowcasting2/utils/data_download_scripts
Project root:     /home1/ppatel2025/nowcasting2
Log directory:    
Start time:       Wed Jan 28 10:14:43 AM EST 2026
============================================================
======================================================================
IMERG GeoTIFF to HDF5 Converter
======================================================================
Input directory:  /home1/ppatel2025/nowcasting2/data/imerg_data
Output file:      /home1/ppatel2025/nowcasting2/data/imerg_data.h5
Batch size:       1000
----------------------------------------------------------------------
Scanning for IMERG files...
Found 206,063 files
Date range: 2011-04-01 00:30:00+00:00 to 2022-12-31 23:30:00+00:00
----------------------------------------------------------------------
Creating HDF5 file...
Processing 207 batches...
----------------------------------------------------------------------
Batch 1/207 (0-999) ... OK (1000 success, 0 failed) [0.5%]
Batch 2/207 (1,000-1,999) ... OK (1000 success, 0 failed) [1.0%]
Batch 3/207 (2,000-2,999) ... OK (1000 success, 0 failed) [1.4%]
Batch 4/207 (3,000-3,999) ... OK (1000 success, 0 failed) [1.9%]
Batch 5/207 (4,000-4,999) ... OK (1000 success, 0 failed) [2.4%]
Batch 6/207 (5,000-5,999) ... OK (1000 success, 0 failed) [2.9%]
Batch 7/207 (6,000-6,999) ... OK (1000 success, 0 failed) [3.4%]
Batch 8/207 (7,000-7,999) ... OK (1000 success, 0 failed) [3.9%]
Batch 9/207 (8,000-8,999) ... OK (1000 success, 0 failed) [4.3%]
Batch 10/207 (9,000-9,999) ... OK (1000 success, 0 failed) [4.8%]
Batch 11/207 (10,000-10,999) ... OK (1000 success, 0 failed) [5.3%]
Batch 12/207 (11,000-11,999) ... OK (1000 success, 0 failed) [5.8%]
Batch 13/207 (12,000-12,999) ... OK (1000 success, 0 failed) [6.3%]
Batch 14/207 (13,000-13,999) ... OK (1000 success, 0 failed) [6.8%]
Batch 15/207 (14,000-14,999) ... OK (1000 success, 0 failed) [7.2%]
Batch 16/207 (15,000-15,999) ... OK (1000 success, 0 failed) [7.7%]
Batch 17/207 (16,000-16,999) ... OK (1000 success, 0 failed) [8.2%]
Batch 18/207 (17,000-17,999) ... OK (1000 success, 0 failed) [8.7%]
Batch 19/207 (18,000-18,999) ... OK (1000 success, 0 failed) [9.2%]
Batch 20/207 (19,000-19,999) ... OK (1000 success, 0 failed) [9.7%]
Batch 21/207 (20,000-20,999) ... OK (1000 success, 0 failed) [10.1%]
Batch 22/207 (21,000-21,999) ... OK (1000 success, 0 failed) [10.6%]
Batch 23/207 (22,000-22,999) ... OK (1000 success, 0 failed) [11.1%]
Batch 24/207 (23,000-23,999) ... OK (1000 success, 0 failed) [11.6%]
Batch 25/207 (24,000-24,999) ... OK (1000 success, 0 failed) [12.1%]
Batch 26/207 (25,000-25,999) ... OK (1000 success, 0 failed) [12.6%]
Batch 27/207 (26,000-26,999) ... OK (1000 success, 0 failed) [13.0%]
Batch 28/207 (27,000-27,999) ... OK (1000 success, 0 failed) [13.5%]
Batch 29/207 (28,000-28,999) ... OK (1000 success, 0 failed) [14.0%]
Batch 30/207 (29,000-29,999) ... OK (1000 success, 0 failed) [14.5%]
Batch 31/207 (30,000-30,999) ... OK (1000 success, 0 failed) [15.0%]
Batch 32/207 (31,000-31,999) ... OK (1000 success, 0 failed) [15.5%]
Batch 33/207 (32,000-32,999) ... OK (1000 success, 0 failed) [15.9%]
Batch 34/207 (33,000-33,999) ... OK (1000 success, 0 failed) [16.4%]
Batch 35/207 (34,000-34,999) ... OK (1000 success, 0 failed) [16.9%]
Batch 36/207 (35,000-35,999) ... OK (1000 success, 0 failed) [17.4%]
Batch 37/207 (36,000-36,999) ... OK (1000 success, 0 failed) [17.9%]
Batch 38/207 (37,000-37,999) ... OK (1000 success, 0 failed) [18.4%]
Batch 39/207 (38,000-38,999) ... OK (1000 success, 0 failed) [18.8%]
Batch 40/207 (39,000-39,999) ... OK (1000 success, 0 failed) [19.3%]
Batch 41/207 (40,000-40,999) ... OK (1000 success, 0 failed) [19.8%]
Batch 42/207 (41,000-41,999) ... OK (1000 success, 0 failed) [20.3%]
Batch 43/207 (42,000-42,999) ... OK (1000 success, 0 failed) [20.8%]
Batch 44/207 (43,000-43,999) ... OK (1000 success, 0 failed) [21.3%]
Batch 45/207 (44,000-44,999) ... OK (1000 success, 0 failed) [21.7%]
Batch 46/207 (45,000-45,999) ... OK (1000 success, 0 failed) [22.2%]
Batch 47/207 (46,000-46,999) ... OK (1000 success, 0 failed) [22.7%]
Batch 48/207 (47,000-47,999) ... OK (1000 success, 0 failed) [23.2%]
Batch 49/207 (48,000-48,999) ... OK (1000 success, 0 failed) [23.7%]
Batch 50/207 (49,000-49,999) ... OK (1000 success, 0 failed) [24.2%]
Batch 51/207 (50,000-50,999) ... OK (1000 success, 0 failed) [24.6%]
Batch 52/207 (51,000-51,999) ... OK (1000 success, 0 failed) [25.1%]
Batch 53/207 (52,000-52,999) ... OK (1000 success, 0 failed) [25.6%]
Batch 54/207 (53,000-53,999) ... OK (1000 success, 0 failed) [26.1%]
Batch 55/207 (54,000-54,999) ... OK (1000 success, 0 failed) [26.6%]
Batch 56/207 (55,000-55,999) ... OK (1000 success, 0 failed) [27.1%]
Batch 57/207 (56,000-56,999) ... OK (1000 success, 0 failed) [27.5%]
Batch 58/207 (57,000-57,999) ... OK (1000 success, 0 failed) [28.0%]
Batch 59/207 (58,000-58,999) ... OK (1000 success, 0 failed) [28.5%]
Batch 60/207 (59,000-59,999) ... OK (1000 success, 0 failed) [29.0%]
Batch 61/207 (60,000-60,999) ... OK (1000 success, 0 failed) [29.5%]
Batch 62/207 (61,000-61,999) ... OK (1000 success, 0 failed) [30.0%]
Batch 63/207 (62,000-62,999) ... OK (1000 success, 0 failed) [30.4%]
Batch 64/207 (63,000-63,999) ... OK (1000 success, 0 failed) [30.9%]
Batch 65/207 (64,000-64,999) ... OK (1000 success, 0 failed) [31.4%]
Batch 66/207 (65,000-65,999) ... OK (1000 success, 0 failed) [31.9%]
Batch 67/207 (66,000-66,999) ... OK (1000 success, 0 failed) [32.4%]
Batch 68/207 (67,000-67,999) ... OK (1000 success, 0 failed) [32.9%]
Batch 69/207 (68,000-68,999) ... OK (1000 success, 0 failed) [33.3%]
Batch 70/207 (69,000-69,999) ... OK (1000 success, 0 failed) [33.8%]
Batch 71/207 (70,000-70,999) ... OK (1000 success, 0 failed) [34.3%]
Batch 72/207 (71,000-71,999) ... OK (1000 success, 0 failed) [34.8%]
Batch 73/207 (72,000-72,999) ... OK (1000 success, 0 failed) [35.3%]
Batch 74/207 (73,000-73,999) ... OK (1000 success, 0 failed) [35.7%]
Batch 75/207 (74,000-74,999) ... OK (1000 success, 0 failed) [36.2%]
Batch 76/207 (75,000-75,999) ... OK (1000 success, 0 failed) [36.7%]
Batch 77/207 (76,000-76,999) ... OK (1000 success, 0 failed) [37.2%]
Batch 78/207 (77,000-77,999) ... OK (1000 success, 0 failed) [37.7%]
Batch 79/207 (78,000-78,999) ... OK (1000 success, 0 failed) [38.2%]
Batch 80/207 (79,000-79,999) ... OK (1000 success, 0 failed) [38.6%]
Batch 81/207 (80,000-80,999) ... OK (1000 success, 0 failed) [39.1%]
Batch 82/207 (81,000-81,999) ... OK (1000 success, 0 failed) [39.6%]
Batch 83/207 (82,000-82,999) ... OK (1000 success, 0 failed) [40.1%]
Batch 84/207 (83,000-83,999) ... OK (1000 success, 0 failed) [40.6%]
Batch 85/207 (84,000-84,999) ... OK (1000 success, 0 failed) [41.1%]
Batch 86/207 (85,000-85,999) ... OK (1000 success, 0 failed) [41.5%]
Batch 87/207 (86,000-86,999) ... OK (1000 success, 0 failed) [42.0%]
Batch 88/207 (87,000-87,999) ... OK (1000 success, 0 failed) [42.5%]
Batch 89/207 (88,000-88,999) ... OK (1000 success, 0 failed) [43.0%]
Batch 90/207 (89,000-89,999) ... OK (1000 success, 0 failed) [43.5%]
Batch 91/207 (90,000-90,999) ... OK (1000 success, 0 failed) [44.0%]
Batch 92/207 (91,000-91,999) ... OK (1000 success, 0 failed) [44.4%]
Batch 93/207 (92,000-92,999) ... OK (1000 success, 0 failed) [44.9%]
Batch 94/207 (93,000-93,999) ... OK (1000 success, 0 failed) [45.4%]
Batch 95/207 (94,000-94,999) ... OK (1000 success, 0 failed) [45.9%]
Batch 96/207 (95,000-95,999) ... OK (1000 success, 0 failed) [46.4%]
Batch 97/207 (96,000-96,999) ... OK (1000 success, 0 failed) [46.9%]
Batch 98/207 (97,000-97,999) ... OK (1000 success, 0 failed) [47.3%]
Batch 99/207 (98,000-98,999) ... OK (1000 success, 0 failed) [47.8%]
Batch 100/207 (99,000-99,999) ... OK (1000 success, 0 failed) [48.3%]
Batch 101/207 (100,000-100,999) ... OK (1000 success, 0 failed) [48.8%]
Batch 102/207 (101,000-101,999) ... OK (1000 success, 0 failed) [49.3%]
Batch 103/207 (102,000-102,999) ... OK (1000 success, 0 failed) [49.8%]
Batch 104/207 (103,000-103,999) ... OK (1000 success, 0 failed) [50.2%]
Batch 105/207 (104,000-104,999) ... OK (1000 success, 0 failed) [50.7%]
Batch 106/207 (105,000-105,999) ... OK (1000 success, 0 failed) [51.2%]
Batch 107/207 (106,000-106,999) ... OK (1000 success, 0 failed) [51.7%]
Batch 108/207 (107,000-107,999) ... OK (1000 success, 0 failed) [52.2%]
Batch 109/207 (108,000-108,999) ... OK (1000 success, 0 failed) [52.7%]
Batch 110/207 (109,000-109,999) ... OK (1000 success, 0 failed) [53.1%]
Batch 111/207 (110,000-110,999) ... OK (1000 success, 0 failed) [53.6%]
Batch 112/207 (111,000-111,999) ... OK (1000 success, 0 failed) [54.1%]
Batch 113/207 (112,000-112,999) ... OK (1000 success, 0 failed) [54.6%]
Batch 114/207 (113,000-113,999) ... OK (1000 success, 0 failed) [55.1%]
Batch 115/207 (114,000-114,999) ... OK (1000 success, 0 failed) [55.6%]
Batch 116/207 (115,000-115,999) ... OK (1000 success, 0 failed) [56.0%]
Batch 117/207 (116,000-116,999) ... OK (1000 success, 0 failed) [56.5%]
Batch 118/207 (117,000-117,999) ... OK (1000 success, 0 failed) [57.0%]
Batch 119/207 (118,000-118,999) ... OK (1000 success, 0 failed) [57.5%]
Batch 120/207 (119,000-119,999) ... OK (1000 success, 0 failed) [58.0%]
Batch 121/207 (120,000-120,999) ... OK (1000 success, 0 failed) [58.5%]
Batch 122/207 (121,000-121,999) ... OK (1000 success, 0 failed) [58.9%]
Batch 123/207 (122,000-122,999) ... OK (1000 success, 0 failed) [59.4%]
Batch 124/207 (123,000-123,999) ... OK (1000 success, 0 failed) [59.9%]
Batch 125/207 (124,000-124,999) ... OK (1000 success, 0 failed) [60.4%]
Batch 126/207 (125,000-125,999) ... OK (1000 success, 0 failed) [60.9%]
Batch 127/207 (126,000-126,999) ... OK (1000 success, 0 failed) [61.4%]
Batch 128/207 (127,000-127,999) ... OK (1000 success, 0 failed) [61.8%]
Batch 129/207 (128,000-128,999) ... OK (1000 success, 0 failed) [62.3%]
Batch 130/207 (129,000-129,999) ... OK (1000 success, 0 failed) [62.8%]
Batch 131/207 (130,000-130,999) ... OK (1000 success, 0 failed) [63.3%]
Batch 132/207 (131,000-131,999) ... OK (1000 success, 0 failed) [63.8%]
Batch 133/207 (132,000-132,999) ... OK (1000 success, 0 failed) [64.3%]
Batch 134/207 (133,000-133,999) ... OK (1000 success, 0 failed) [64.7%]
Batch 135/207 (134,000-134,999) ... OK (1000 success, 0 failed) [65.2%]
Batch 136/207 (135,000-135,999) ... OK (1000 success, 0 failed) [65.7%]
Batch 137/207 (136,000-136,999) ... OK (1000 success, 0 failed) [66.2%]
Batch 138/207 (137,000-137,999) ... OK (1000 success, 0 failed) [66.7%]
Batch 139/207 (138,000-138,999) ... OK (1000 success, 0 failed) [67.1%]
Batch 140/207 (139,000-139,999) ... OK (1000 success, 0 failed) [67.6%]
Batch 141/207 (140,000-140,999) ... OK (1000 success, 0 failed) [68.1%]
Batch 142/207 (141,000-141,999) ... OK (1000 success, 0 failed) [68.6%]
Batch 143/207 (142,000-142,999) ... OK (1000 success, 0 failed) [69.1%]
Batch 144/207 (143,000-143,999) ... OK (1000 success, 0 failed) [69.6%]
Batch 145/207 (144,000-144,999) ... OK (1000 success, 0 failed) [70.0%]
Batch 146/207 (145,000-145,999) ... OK (1000 success, 0 failed) [70.5%]
Batch 147/207 (146,000-146,999) ... OK (1000 success, 0 failed) [71.0%]
Batch 148/207 (147,000-147,999) ... OK (1000 success, 0 failed) [71.5%]
Batch 149/207 (148,000-148,999) ... OK (1000 success, 0 failed) [72.0%]
Batch 150/207 (149,000-149,999) ... OK (1000 success, 0 failed) [72.5%]
Batch 151/207 (150,000-150,999) ... OK (1000 success, 0 failed) [72.9%]
Batch 152/207 (151,000-151,999) ... OK (1000 success, 0 failed) [73.4%]
Batch 153/207 (152,000-152,999) ... OK (1000 success, 0 failed) [73.9%]
Batch 154/207 (153,000-153,999) ... OK (1000 success, 0 failed) [74.4%]
Batch 155/207 (154,000-154,999) ... OK (1000 success, 0 failed) [74.9%]
Batch 156/207 (155,000-155,999) ... OK (1000 success, 0 failed) [75.4%]
Batch 157/207 (156,000-156,999) ... OK (1000 success, 0 failed) [75.8%]
Batch 158/207 (157,000-157,999) ... OK (1000 success, 0 failed) [76.3%]
Batch 159/207 (158,000-158,999) ... OK (1000 success, 0 failed) [76.8%]
Batch 160/207 (159,000-159,999) ... OK (1000 success, 0 failed) [77.3%]
Batch 161/207 (160,000-160,999) ... OK (1000 success, 0 failed) [77.8%]
Batch 162/207 (161,000-161,999) ... OK (1000 success, 0 failed) [78.3%]
Batch 163/207 (162,000-162,999) ... OK (1000 success, 0 failed) [78.7%]
Batch 164/207 (163,000-163,999) ... OK (1000 success, 0 failed) [79.2%]
Batch 165/207 (164,000-164,999) ... OK (1000 success, 0 failed) [79.7%]
Batch 166/207 (165,000-165,999) ... OK (1000 success, 0 failed) [80.2%]
Batch 167/207 (166,000-166,999) ... OK (1000 success, 0 failed) [80.7%]
Batch 168/207 (167,000-167,999) ... OK (1000 success, 0 failed) [81.2%]
Batch 169/207 (168,000-168,999) ... OK (1000 success, 0 failed) [81.6%]
Batch 170/207 (169,000-169,999) ... OK (1000 success, 0 failed) [82.1%]
Batch 171/207 (170,000-170,999) ... OK (1000 success, 0 failed) [82.6%]
Batch 172/207 (171,000-171,999) ... OK (1000 success, 0 failed) [83.1%]
Batch 173/207 (172,000-172,999) ... OK (1000 success, 0 failed) [83.6%]
Batch 174/207 (173,000-173,999) ... OK (1000 success, 0 failed) [84.1%]
Batch 175/207 (174,000-174,999) ... OK (1000 success, 0 failed) [84.5%]
Batch 176/207 (175,000-175,999) ... OK (1000 success, 0 failed) [85.0%]
Batch 177/207 (176,000-176,999) ... OK (1000 success, 0 failed) [85.5%]
Batch 178/207 (177,000-177,999) ... OK (1000 success, 0 failed) [86.0%]
Batch 179/207 (178,000-178,999) ... OK (1000 success, 0 failed) [86.5%]
Batch 180/207 (179,000-179,999) ... OK (1000 success, 0 failed) [87.0%]
Batch 181/207 (180,000-180,999) ... OK (1000 success, 0 failed) [87.4%]
Batch 182/207 (181,000-181,999) ... OK (1000 success, 0 failed) [87.9%]
Batch 183/207 (182,000-182,999) ... OK (1000 success, 0 failed) [88.4%]
Batch 184/207 (183,000-183,999) ... OK (1000 success, 0 failed) [88.9%]
Batch 185/207 (184,000-184,999) ... OK (1000 success, 0 failed) [89.4%]
Batch 186/207 (185,000-185,999) ... OK (1000 success, 0 failed) [89.9%]
Batch 187/207 (186,000-186,999) ... OK (1000 success, 0 failed) [90.3%]
Batch 188/207 (187,000-187,999) ... OK (1000 success, 0 failed) [90.8%]
Batch 189/207 (188,000-188,999) ... OK (1000 success, 0 failed) [91.3%]
Batch 190/207 (189,000-189,999) ... OK (1000 success, 0 failed) [91.8%]
Batch 191/207 (190,000-190,999) ... OK (1000 success, 0 failed) [92.3%]
Batch 192/207 (191,000-191,999) ... OK (1000 success, 0 failed) [92.8%]
Batch 193/207 (192,000-192,999) ... OK (1000 success, 0 failed) [93.2%]
Batch 194/207 (193,000-193,999) ... OK (1000 success, 0 failed) [93.7%]
Batch 195/207 (194,000-194,999) ... OK (1000 success, 0 failed) [94.2%]
Batch 196/207 (195,000-195,999) ... OK (1000 success, 0 failed) [94.7%]
Batch 197/207 (196,000-196,999) ... OK (1000 success, 0 failed) [95.2%]
Batch 198/207 (197,000-197,999) ... OK (1000 success, 0 failed) [95.7%]
Batch 199/207 (198,000-198,999) ... OK (1000 success, 0 failed) [96.1%]
Batch 200/207 (199,000-199,999) ... OK (1000 success, 0 failed) [96.6%]
Batch 201/207 (200,000-200,999) ... OK (1000 success, 0 failed) [97.1%]
Batch 202/207 (201,000-201,999) ... OK (1000 success, 0 failed) [97.6%]
Batch 203/207 (202,000-202,999) ... OK (1000 success, 0 failed) [98.1%]
Batch 204/207 (203,000-203,999) ... OK (1000 success, 0 failed) [98.6%]
Batch 205/207 (204,000-204,999) ... OK (1000 success, 0 failed) [99.0%]
Batch 206/207 (205,000-205,999) ... OK (1000 success, 0 failed) [99.5%]
Batch 207/207 (206,000-206,062) ... OK (63 success, 0 failed) [100.0%]
----------------------------------------------------------------------
Detecting temporal gaps...
No temporal gaps detected - data is continuous
======================================================================
Conversion Complete!
======================================================================
Output file:       /home1/ppatel2025/nowcasting2/data/imerg_data.h5
Total samples:     206,063
Successful reads:  206,063
Failed reads:      0
Temporal gaps:     0
File size:         146.23 MB
======================================================================
============================================================
Job completed at: Wed Jan 28 10:21:56 AM EST 2026
============================================================
