Starting IMERG download...
Region: XMIN=-5.5, XMAX=2.5, YMIN=9.0, YMAX=17.0
Grid size: 64x64
Period: 2014-06-01-00-00 to 2014-06-03-00-00
Output: /home1/ppatel2025/ldcast/data/imerg_data/
============================================================
IMERG Data Downloader
============================================================
Region: [-5.5, 2.5] x [9.0, 17.0]
Grid size: 64 x 64
Period: 2014-06-01 00:00:00 to 2014-06-03 00:00:00
Output: /home1/ppatel2025/ldcast/data/imerg_data/
============================================================
Downloading 2014-06-01 00:30
  Warning: Failed to download 3B-HHR-E.MS.MRG.3IMERG.20140601-S000000-E002959.0000.V07B.30min.tif
Downloading 2014-06-01 01:00
  Warning: Failed to download 3B-HHR-E.MS.MRG.3IMERG.20140601-S003000-E005959.0030.V07B.30min.tif
Downloading 2014-06-01 01:30
  Warning: Failed to download 3B-HHR-E.MS.MRG.3IMERG.20140601-S010000-E012959.0060.V07B.30min.tif
Downloading 2014-06-01 02:00
  Warning: Failed to download 3B-HHR-E.MS.MRG.3IMERG.20140601-S013000-E015959.0090.V07B.30min.tif
Downloading 2014-06-01 02:30
  Warning: Failed to download 3B-HHR-E.MS.MRG.3IMERG.20140601-S020000-E022959.0120.V07B.30min.tif
Downloading 2014-06-01 03:00
  Warning: Failed to download 3B-HHR-E.MS.MRG.3IMERG.20140601-S023000-E025959.0150.V07B.30min.tif
Downloading 2014-06-01 03:30
  Warning: Failed to download 3B-HHR-E.MS.MRG.3IMERG.20140601-S030000-E032959.0180.V07B.30min.tif
Downloading 2014-06-01 04:00
  Warning: Failed to download 3B-HHR-E.MS.MRG.3IMERG.20140601-S033000-E035959.0210.V07B.30min.tif
Downloading 2014-06-01 04:30
  Warning: Failed to download 3B-HHR-E.MS.MRG.3IMERG.20140601-S040000-E042959.0240.V07B.30min.tif
Downloading 2014-06-01 05:00
  Warning: Failed to download 3B-HHR-E.MS.MRG.3IMERG.20140601-S043000-E045959.0270.V07B.30min.tif
Downloading 2014-06-01 05:30
  Warning: Failed to download 3B-HHR-E.MS.MRG.3IMERG.20140601-S050000-E052959.0300.V07B.30min.tif
Downloading 2014-06-01 06:00
  Warning: Failed to download 3B-HHR-E.MS.MRG.3IMERG.20140601-S053000-E055959.0330.V07B.30min.tif
Downloading 2014-06-01 06:30
  Warning: Failed to download 3B-HHR-E.MS.MRG.3IMERG.20140601-S060000-E062959.0360.V07B.30min.tif
Downloading 2014-06-01 07:00
  Warning: Failed to download 3B-HHR-E.MS.MRG.3IMERG.20140601-S063000-E065959.0390.V07B.30min.tif
Downloading 2014-06-01 07:30
  Warning: Failed to download 3B-HHR-E.MS.MRG.3IMERG.20140601-S070000-E072959.0420.V07B.30min.tif
Downloading 2014-06-01 08:00
  Warning: Failed to download 3B-HHR-E.MS.MRG.3IMERG.20140601-S073000-E075959.0450.V07B.30min.tif
Downloading 2014-06-01 08:30
  Warning: Failed to download 3B-HHR-E.MS.MRG.3IMERG.20140601-S080000-E082959.0480.V07B.30min.tif
Downloading 2014-06-01 09:00
  Warning: Failed to download 3B-HHR-E.MS.MRG.3IMERG.20140601-S083000-E085959.0510.V07B.30min.tif
Downloading 2014-06-01 09:30
  Warning: Failed to download 3B-HHR-E.MS.MRG.3IMERG.20140601-S090000-E092959.0540.V07B.30min.tif
Downloading 2014-06-01 10:00
  Warning: Failed to download 3B-HHR-E.MS.MRG.3IMERG.20140601-S093000-E095959.0570.V07B.30min.tif
Downloading 2014-06-01 10:30
  Warning: Failed to download 3B-HHR-E.MS.MRG.3IMERG.20140601-S100000-E102959.0600.V07B.30min.tif
Downloading 2014-06-01 11:00
  Warning: Failed to download 3B-HHR-E.MS.MRG.3IMERG.20140601-S103000-E105959.0630.V07B.30min.tif
Downloading 2014-06-01 11:30
  Warning: Failed to download 3B-HHR-E.MS.MRG.3IMERG.20140601-S110000-E112959.0660.V07B.30min.tif
Downloading 2014-06-01 12:00
  Warning: Failed to download 3B-HHR-E.MS.MRG.3IMERG.20140601-S113000-E115959.0690.V07B.30min.tif
Downloading 2014-06-01 12:30
  Warning: Failed to download 3B-HHR-E.MS.MRG.3IMERG.20140601-S120000-E122959.0720.V07B.30min.tif
Downloading 2014-06-01 13:00
  Warning: Failed to download 3B-HHR-E.MS.MRG.3IMERG.20140601-S123000-E125959.0750.V07B.30min.tif
Downloading 2014-06-01 13:30
  Warning: Failed to download 3B-HHR-E.MS.MRG.3IMERG.20140601-S130000-E132959.0780.V07B.30min.tif
Downloading 2014-06-01 14:00
  Warning: Failed to download 3B-HHR-E.MS.MRG.3IMERG.20140601-S133000-E135959.0810.V07B.30min.tif
Downloading 2014-06-01 14:30
  Warning: Failed to download 3B-HHR-E.MS.MRG.3IMERG.20140601-S140000-E142959.0840.V07B.30min.tif
Downloading 2014-06-01 15:00
  Warning: Failed to download 3B-HHR-E.MS.MRG.3IMERG.20140601-S143000-E145959.0870.V07B.30min.tif
Downloading 2014-06-01 15:30
  Warning: Failed to download 3B-HHR-E.MS.MRG.3IMERG.20140601-S150000-E152959.0900.V07B.30min.tif
Downloading 2014-06-01 16:00
  Warning: Failed to download 3B-HHR-E.MS.MRG.3IMERG.20140601-S153000-E155959.0930.V07B.30min.tif
Downloading 2014-06-01 16:30
  Warning: Failed to download 3B-HHR-E.MS.MRG.3IMERG.20140601-S160000-E162959.0960.V07B.30min.tif
Downloading 2014-06-01 17:00
  Warning: Failed to download 3B-HHR-E.MS.MRG.3IMERG.20140601-S163000-E165959.0990.V07B.30min.tif
Downloading 2014-06-01 17:30
  Warning: Failed to download 3B-HHR-E.MS.MRG.3IMERG.20140601-S170000-E172959.1020.V07B.30min.tif
Downloading 2014-06-01 18:00
  Warning: Failed to download 3B-HHR-E.MS.MRG.3IMERG.20140601-S173000-E175959.1050.V07B.30min.tif
Downloading 2014-06-01 18:30
  Warning: Failed to download 3B-HHR-E.MS.MRG.3IMERG.20140601-S180000-E182959.1080.V07B.30min.tif
Downloading 2014-06-01 19:00
  Warning: Failed to download 3B-HHR-E.MS.MRG.3IMERG.20140601-S183000-E185959.1110.V07B.30min.tif
Downloading 2014-06-01 19:30
  Warning: Failed to download 3B-HHR-E.MS.MRG.3IMERG.20140601-S190000-E192959.1140.V07B.30min.tif
Downloading 2014-06-01 20:00
  Warning: Failed to download 3B-HHR-E.MS.MRG.3IMERG.20140601-S193000-E195959.1170.V07B.30min.tif
Downloading 2014-06-01 20:30
  Warning: Failed to download 3B-HHR-E.MS.MRG.3IMERG.20140601-S200000-E202959.1200.V07B.30min.tif
Downloading 2014-06-01 21:00
  Warning: Failed to download 3B-HHR-E.MS.MRG.3IMERG.20140601-S203000-E205959.1230.V07B.30min.tif
Downloading 2014-06-01 21:30
  Warning: Failed to download 3B-HHR-E.MS.MRG.3IMERG.20140601-S210000-E212959.1260.V07B.30min.tif
Downloading 2014-06-01 22:00
  Warning: Failed to download 3B-HHR-E.MS.MRG.3IMERG.20140601-S213000-E215959.1290.V07B.30min.tif
Downloading 2014-06-01 22:30
  Warning: Failed to download 3B-HHR-E.MS.MRG.3IMERG.20140601-S220000-E222959.1320.V07B.30min.tif
Downloading 2014-06-01 23:00
  Warning: Failed to download 3B-HHR-E.MS.MRG.3IMERG.20140601-S223000-E225959.1350.V07B.30min.tif
Downloading 2014-06-01 23:30
  Warning: Failed to download 3B-HHR-E.MS.MRG.3IMERG.20140601-S230000-E232959.1380.V07B.30min.tif
Downloading 2014-06-02 00:00
  Warning: Failed to download 3B-HHR-E.MS.MRG.3IMERG.20140601-S233000-E235959.1410.V07B.30min.tif
Downloading 2014-06-02 00:30
  File already exists, skipping
Downloading 2014-06-02 01:00
  File already exists, skipping
Downloading 2014-06-02 01:30
  File already exists, skipping
Downloading 2014-06-02 02:00
  File already exists, skipping
Downloading 2014-06-02 02:30
  File already exists, skipping
Downloading 2014-06-02 03:00
  File already exists, skipping
Downloading 2014-06-02 03:30
  File already exists, skipping
Downloading 2014-06-02 04:00
  File already exists, skipping
Downloading 2014-06-02 04:30
  File already exists, skipping
Downloading 2014-06-02 05:00
  File already exists, skipping
Downloading 2014-06-02 05:30
  File already exists, skipping
Downloading 2014-06-02 06:00
  File already exists, skipping
Downloading 2014-06-02 06:30
  File already exists, skipping
Downloading 2014-06-02 07:00
  File already exists, skipping
Downloading 2014-06-02 07:30
  File already exists, skipping
Downloading 2014-06-02 08:00
  File already exists, skipping
Downloading 2014-06-02 08:30
  File already exists, skipping
Downloading 2014-06-02 09:00
  File already exists, skipping
Downloading 2014-06-02 09:30
  File already exists, skipping
Downloading 2014-06-02 10:00
  File already exists, skipping
Downloading 2014-06-02 10:30
  File already exists, skipping
Downloading 2014-06-02 11:00
  File already exists, skipping
Downloading 2014-06-02 11:30
  File already exists, skipping
Downloading 2014-06-02 12:00
  File already exists, skipping
Downloading 2014-06-02 12:30
  File already exists, skipping
Downloading 2014-06-02 13:00
  File already exists, skipping
Downloading 2014-06-02 13:30
  File already exists, skipping
Downloading 2014-06-02 14:00
  File already exists, skipping
Downloading 2014-06-02 14:30
  File already exists, skipping
Downloading 2014-06-02 15:00
  File already exists, skipping
Downloading 2014-06-02 15:30
  File already exists, skipping
Downloading 2014-06-02 16:00
  File already exists, skipping
Downloading 2014-06-02 16:30
  File already exists, skipping
Downloading 2014-06-02 17:00
  File already exists, skipping
Downloading 2014-06-02 17:30
  File already exists, skipping
Downloading 2014-06-02 18:00
  File already exists, skipping
Downloading 2014-06-02 18:30
  File already exists, skipping
Downloading 2014-06-02 19:00
  File already exists, skipping
Downloading 2014-06-02 19:30
  File already exists, skipping
Downloading 2014-06-02 20:00
  File already exists, skipping
Downloading 2014-06-02 20:30
  File already exists, skipping
Downloading 2014-06-02 21:00
  File already exists, skipping
Downloading 2014-06-02 21:30
  File already exists, skipping
Downloading 2014-06-02 22:00
  File already exists, skipping
Downloading 2014-06-02 22:30
  File already exists, skipping
Downloading 2014-06-02 23:00
  File already exists, skipping
Downloading 2014-06-02 23:30
  File already exists, skipping
Downloading 2014-06-03 00:00
  File already exists, skipping
Downloading 2014-06-03 00:30
  File already exists, skipping

Download complete! Files saved to: /home1/ppatel2025/ldcast/data/imerg_data/
Job completed.
