============================================================
IMERG Missing File Checker & Downloader
============================================================

Checking for missing files from 2011-04-01 00:30:00 to 2022-12-31 23:30:00...

Found 188 missing files

Missing files:
  1. 2013-09-08 17:00 -> imerg.201309081700.tif
  2. 2013-09-08 17:30 -> imerg.201309081730.tif
  3. 2013-09-08 18:00 -> imerg.201309081800.tif
  4. 2013-09-08 18:30 -> imerg.201309081830.tif
  5. 2013-09-08 19:00 -> imerg.201309081900.tif
  6. 2013-09-08 19:30 -> imerg.201309081930.tif
  7. 2013-09-08 20:00 -> imerg.201309082000.tif
  8. 2013-09-08 20:30 -> imerg.201309082030.tif
  9. 2013-09-08 21:00 -> imerg.201309082100.tif
  10. 2013-09-08 21:30 -> imerg.201309082130.tif
  11. 2013-09-08 22:00 -> imerg.201309082200.tif
  12. 2013-09-08 22:30 -> imerg.201309082230.tif
  13. 2013-09-08 23:00 -> imerg.201309082300.tif
  14. 2013-09-08 23:30 -> imerg.201309082330.tif
  15. 2013-09-09 00:00 -> imerg.201309090000.tif
  16. 2013-09-09 00:30 -> imerg.201309090030.tif
  17. 2013-09-09 01:00 -> imerg.201309090100.tif
  18. 2013-09-09 01:30 -> imerg.201309090130.tif
  19. 2013-09-09 02:00 -> imerg.201309090200.tif
  20. 2013-09-09 02:30 -> imerg.201309090230.tif
  21. 2013-09-09 03:00 -> imerg.201309090300.tif
  22. 2013-09-09 03:30 -> imerg.201309090330.tif
  23. 2013-09-09 04:00 -> imerg.201309090400.tif
  24. 2013-09-09 04:30 -> imerg.201309090430.tif
  25. 2013-09-09 05:00 -> imerg.201309090500.tif
  26. 2013-09-09 05:30 -> imerg.201309090530.tif
  27. 2013-09-09 06:00 -> imerg.201309090600.tif
  28. 2013-09-09 06:30 -> imerg.201309090630.tif
  29. 2013-09-09 07:00 -> imerg.201309090700.tif
  30. 2013-09-09 07:30 -> imerg.201309090730.tif
  31. 2013-09-09 08:00 -> imerg.201309090800.tif
  32. 2013-09-09 08:30 -> imerg.201309090830.tif
  33. 2013-09-09 09:00 -> imerg.201309090900.tif
  34. 2013-09-09 09:30 -> imerg.201309090930.tif
  35. 2013-09-09 10:00 -> imerg.201309091000.tif
  36. 2013-09-09 10:30 -> imerg.201309091030.tif
  37. 2013-09-09 11:00 -> imerg.201309091100.tif
  38. 2013-09-09 11:30 -> imerg.201309091130.tif
  39. 2013-09-09 12:00 -> imerg.201309091200.tif
  40. 2013-09-09 12:30 -> imerg.201309091230.tif
  41. 2013-09-09 13:00 -> imerg.201309091300.tif
  42. 2013-09-09 13:30 -> imerg.201309091330.tif
  43. 2013-09-09 14:00 -> imerg.201309091400.tif
  44. 2013-09-09 14:30 -> imerg.201309091430.tif
  45. 2013-09-09 15:00 -> imerg.201309091500.tif
  46. 2013-09-09 15:30 -> imerg.201309091530.tif
  47. 2013-09-09 16:00 -> imerg.201309091600.tif
  48. 2013-09-09 16:30 -> imerg.201309091630.tif
  49. 2013-09-09 17:00 -> imerg.201309091700.tif
  50. 2013-09-09 17:30 -> imerg.201309091730.tif
  51. 2013-09-09 18:00 -> imerg.201309091800.tif
  52. 2013-09-09 18:30 -> imerg.201309091830.tif
  53. 2013-09-09 19:00 -> imerg.201309091900.tif
  54. 2013-09-09 19:30 -> imerg.201309091930.tif
  55. 2013-09-09 20:00 -> imerg.201309092000.tif
  56. 2013-09-09 20:30 -> imerg.201309092030.tif
  57. 2013-09-09 21:00 -> imerg.201309092100.tif
  58. 2013-09-09 21:30 -> imerg.201309092130.tif
  59. 2013-09-09 22:00 -> imerg.201309092200.tif
  60. 2013-09-09 22:30 -> imerg.201309092230.tif
  61. 2013-09-09 23:00 -> imerg.201309092300.tif
  62. 2013-09-09 23:30 -> imerg.201309092330.tif
  63. 2013-09-10 00:00 -> imerg.201309100000.tif
  64. 2013-09-10 00:30 -> imerg.201309100030.tif
  65. 2013-09-10 01:00 -> imerg.201309100100.tif
  66. 2013-09-10 01:30 -> imerg.201309100130.tif
  67. 2013-09-10 02:00 -> imerg.201309100200.tif
  68. 2013-09-10 02:30 -> imerg.201309100230.tif
  69. 2013-09-10 03:00 -> imerg.201309100300.tif
  70. 2013-09-10 03:30 -> imerg.201309100330.tif
  71. 2013-09-10 04:00 -> imerg.201309100400.tif
  72. 2013-09-10 04:30 -> imerg.201309100430.tif
  73. 2013-09-10 05:00 -> imerg.201309100500.tif
  74. 2013-09-10 05:30 -> imerg.201309100530.tif
  75. 2013-09-10 06:00 -> imerg.201309100600.tif
  76. 2013-09-10 06:30 -> imerg.201309100630.tif
  77. 2013-09-10 07:00 -> imerg.201309100700.tif
  78. 2013-09-10 07:30 -> imerg.201309100730.tif
  79. 2013-09-10 08:00 -> imerg.201309100800.tif
  80. 2013-09-10 08:30 -> imerg.201309100830.tif
  81. 2013-09-10 09:00 -> imerg.201309100900.tif
  82. 2013-09-10 09:30 -> imerg.201309100930.tif
  83. 2013-09-10 10:00 -> imerg.201309101000.tif
  84. 2013-09-10 10:30 -> imerg.201309101030.tif
  85. 2013-09-10 11:00 -> imerg.201309101100.tif
  86. 2013-09-10 11:30 -> imerg.201309101130.tif
  87. 2013-09-10 12:00 -> imerg.201309101200.tif
  88. 2013-09-10 12:30 -> imerg.201309101230.tif
  89. 2013-09-10 13:00 -> imerg.201309101300.tif
  90. 2013-09-10 13:30 -> imerg.201309101330.tif
  91. 2013-09-10 14:00 -> imerg.201309101400.tif
  92. 2013-09-10 14:30 -> imerg.201309101430.tif
  93. 2013-09-10 15:00 -> imerg.201309101500.tif
  94. 2013-09-10 15:30 -> imerg.201309101530.tif
  95. 2014-06-01 00:30 -> imerg.201406010030.tif
  96. 2014-06-01 01:00 -> imerg.201406010100.tif
  97. 2014-06-01 01:30 -> imerg.201406010130.tif
  98. 2014-06-01 02:00 -> imerg.201406010200.tif
  99. 2014-06-01 02:30 -> imerg.201406010230.tif
  100. 2014-06-01 03:00 -> imerg.201406010300.tif
  101. 2014-06-01 03:30 -> imerg.201406010330.tif
  102. 2014-06-01 04:00 -> imerg.201406010400.tif
  103. 2014-06-01 04:30 -> imerg.201406010430.tif
  104. 2014-06-01 05:00 -> imerg.201406010500.tif
  105. 2014-06-01 05:30 -> imerg.201406010530.tif
  106. 2014-06-01 06:00 -> imerg.201406010600.tif
  107. 2014-06-01 06:30 -> imerg.201406010630.tif
  108. 2014-06-01 07:00 -> imerg.201406010700.tif
  109. 2014-06-01 07:30 -> imerg.201406010730.tif
  110. 2014-06-01 08:00 -> imerg.201406010800.tif
  111. 2014-06-01 08:30 -> imerg.201406010830.tif
  112. 2014-06-01 09:00 -> imerg.201406010900.tif
  113. 2014-06-01 09:30 -> imerg.201406010930.tif
  114. 2014-06-01 10:00 -> imerg.201406011000.tif
  115. 2014-06-01 10:30 -> imerg.201406011030.tif
  116. 2014-06-01 11:00 -> imerg.201406011100.tif
  117. 2014-06-01 11:30 -> imerg.201406011130.tif
  118. 2014-06-01 12:00 -> imerg.201406011200.tif
  119. 2014-06-01 12:30 -> imerg.201406011230.tif
  120. 2014-06-01 13:00 -> imerg.201406011300.tif
  121. 2014-06-01 13:30 -> imerg.201406011330.tif
  122. 2014-06-01 14:00 -> imerg.201406011400.tif
  123. 2014-06-01 14:30 -> imerg.201406011430.tif
  124. 2014-06-01 15:00 -> imerg.201406011500.tif
  125. 2014-06-01 15:30 -> imerg.201406011530.tif
  126. 2014-06-01 16:00 -> imerg.201406011600.tif
  127. 2014-06-01 16:30 -> imerg.201406011630.tif
  128. 2014-06-01 17:00 -> imerg.201406011700.tif
  129. 2014-06-01 17:30 -> imerg.201406011730.tif
  130. 2014-06-01 18:00 -> imerg.201406011800.tif
  131. 2014-06-01 18:30 -> imerg.201406011830.tif
  132. 2014-06-01 19:00 -> imerg.201406011900.tif
  133. 2014-06-01 19:30 -> imerg.201406011930.tif
  134. 2014-06-01 20:00 -> imerg.201406012000.tif
  135. 2014-06-01 20:30 -> imerg.201406012030.tif
  136. 2014-06-01 21:00 -> imerg.201406012100.tif
  137. 2014-06-01 21:30 -> imerg.201406012130.tif
  138. 2014-06-01 22:00 -> imerg.201406012200.tif
  139. 2014-06-01 22:30 -> imerg.201406012230.tif
  140. 2014-06-01 23:00 -> imerg.201406012300.tif
  141. 2014-06-01 23:30 -> imerg.201406012330.tif
  142. 2014-06-02 00:00 -> imerg.201406020000.tif
  143. 2022-12-31 01:00 -> imerg.202212310100.tif
  144. 2022-12-31 01:30 -> imerg.202212310130.tif
  145. 2022-12-31 02:00 -> imerg.202212310200.tif
  146. 2022-12-31 02:30 -> imerg.202212310230.tif
  147. 2022-12-31 03:00 -> imerg.202212310300.tif
  148. 2022-12-31 03:30 -> imerg.202212310330.tif
  149. 2022-12-31 04:00 -> imerg.202212310400.tif
  150. 2022-12-31 04:30 -> imerg.202212310430.tif
  151. 2022-12-31 05:00 -> imerg.202212310500.tif
  152. 2022-12-31 05:30 -> imerg.202212310530.tif
  153. 2022-12-31 06:00 -> imerg.202212310600.tif
  154. 2022-12-31 06:30 -> imerg.202212310630.tif
  155. 2022-12-31 07:00 -> imerg.202212310700.tif
  156. 2022-12-31 07:30 -> imerg.202212310730.tif
  157. 2022-12-31 08:00 -> imerg.202212310800.tif
  158. 2022-12-31 08:30 -> imerg.202212310830.tif
  159. 2022-12-31 09:00 -> imerg.202212310900.tif
  160. 2022-12-31 09:30 -> imerg.202212310930.tif
  161. 2022-12-31 10:00 -> imerg.202212311000.tif
  162. 2022-12-31 10:30 -> imerg.202212311030.tif
  163. 2022-12-31 11:00 -> imerg.202212311100.tif
  164. 2022-12-31 11:30 -> imerg.202212311130.tif
  165. 2022-12-31 12:00 -> imerg.202212311200.tif
  166. 2022-12-31 12:30 -> imerg.202212311230.tif
  167. 2022-12-31 13:00 -> imerg.202212311300.tif
  168. 2022-12-31 13:30 -> imerg.202212311330.tif
  169. 2022-12-31 14:00 -> imerg.202212311400.tif
  170. 2022-12-31 14:30 -> imerg.202212311430.tif
  171. 2022-12-31 15:00 -> imerg.202212311500.tif
  172. 2022-12-31 15:30 -> imerg.202212311530.tif
  173. 2022-12-31 16:00 -> imerg.202212311600.tif
  174. 2022-12-31 16:30 -> imerg.202212311630.tif
  175. 2022-12-31 17:00 -> imerg.202212311700.tif
  176. 2022-12-31 17:30 -> imerg.202212311730.tif
  177. 2022-12-31 18:00 -> imerg.202212311800.tif
  178. 2022-12-31 18:30 -> imerg.202212311830.tif
  179. 2022-12-31 19:00 -> imerg.202212311900.tif
  180. 2022-12-31 19:30 -> imerg.202212311930.tif
  181. 2022-12-31 20:00 -> imerg.202212312000.tif
  182. 2022-12-31 20:30 -> imerg.202212312030.tif
  183. 2022-12-31 21:00 -> imerg.202212312100.tif
  184. 2022-12-31 21:30 -> imerg.202212312130.tif
  185. 2022-12-31 22:00 -> imerg.202212312200.tif
  186. 2022-12-31 22:30 -> imerg.202212312230.tif
  187. 2022-12-31 23:00 -> imerg.202212312300.tif
  188. 2022-12-31 23:30 -> imerg.202212312330.tif

Total: 188 missing files

============================================================
DRY RUN MODE - No files downloaded
To download, set DRY_RUN = False in the script
============================================================
